<?xml version="1.0" encoding="UTF-8"?>
<!-- Generated by org.testng.reporters.JUnitReportReporter -->
<testsuite skipped="1" hostname="Rameyas-MacBook-Pro.local" name="com.demo.tests.ShoppingCartTest" tests="2" failures="0" timestamp="2023-02-06T21:55:29 IST" time="9.446" errors="0">
  <testcase name="verifyIfTheUserAddASingleProductTotheCartAndOneIsDisplayedInTheCartIcon" time="9.446" classname="com.demo.tests.ShoppingCartTest"/>
  <system-out/>
  <testcase name="verifyThatTheShoppingCartPAgeContainsAllTheNecessaryLinks" classname="com.demo.tests.ShoppingCartTest">
    <skipped/>
  </testcase> <!-- verifyThatTheShoppingCartPAgeContainsAllTheNecessaryLinks -->
  <system-out/>
</testsuite> <!-- com.demo.tests.ShoppingCartTest -->
